<?xml version="1.0" encoding="UTF-8"?>
<testng-results skipped="0" failed="0" ignored="0" total="8" passed="8">
  <reporter-output>
  </reporter-output>
  <suite name="TestSuite" duration-ms="507326" started-at="2017-10-11T13:24:21Z" finished-at="2017-10-11T13:32:48Z">
    <groups>
    </groups>
    <test name="FirefoxTest" duration-ms="420846" started-at="2017-10-11T13:24:21Z" finished-at="2017-10-11T13:31:22Z">
      <class name="com.testNGCode.CrossBrowserScript">
        <test-method status="PASS" signature="setup(java.lang.String)[pri:0, instance:com.testNGCode.CrossBrowserScript@68be2bc2]" name="setup" is-config="true" duration-ms="5760" started-at="2017-10-11T18:54:21Z" finished-at="2017-10-11T18:54:27Z">
          <params>
            <param index="0">
              <value>
                <![CDATA[firefox]]>
              </value>
            </param>
          </params>
          <reporter-output>
          </reporter-output>
        </test-method> <!-- setup -->
        <test-method status="PASS" signature="testClickOnLinks()[pri:0, instance:com.testNGCode.CrossBrowserScript@68be2bc2]" name="testClickOnLinks" duration-ms="100655" started-at="2017-10-11T18:54:27Z" finished-at="2017-10-11T18:56:07Z">
          <reporter-output>
          </reporter-output>
        </test-method> <!-- testClickOnLinks -->
        <test-method status="PASS" signature="testClickOnLinks()[pri:0, instance:com.testNGCode.CrossBrowserScript@68be2bc2]" name="testClickOnLinks" duration-ms="96512" started-at="2017-10-11T18:56:07Z" finished-at="2017-10-11T18:57:44Z">
          <reporter-output>
          </reporter-output>
        </test-method> <!-- testClickOnLinks -->
        <test-method status="PASS" signature="testClickOnLinks()[pri:0, instance:com.testNGCode.CrossBrowserScript@68be2bc2]" name="testClickOnLinks" duration-ms="107527" started-at="2017-10-11T18:57:44Z" finished-at="2017-10-11T18:59:31Z">
          <reporter-output>
          </reporter-output>
        </test-method> <!-- testClickOnLinks -->
        <test-method status="PASS" signature="testClickOnLinks()[pri:0, instance:com.testNGCode.CrossBrowserScript@68be2bc2]" name="testClickOnLinks" duration-ms="110361" started-at="2017-10-11T18:59:31Z" finished-at="2017-10-11T19:01:22Z">
          <reporter-output>
          </reporter-output>
        </test-method> <!-- testClickOnLinks -->
      </class> <!-- com.testNGCode.CrossBrowserScript -->
    </test> <!-- FirefoxTest -->
    <test name="ChromeTest" duration-ms="86301" started-at="2017-10-11T13:31:22Z" finished-at="2017-10-11T13:32:48Z">
      <class name="com.testNGCode.CrossBrowserScript">
        <test-method status="PASS" signature="setup(java.lang.String)[pri:0, instance:com.testNGCode.CrossBrowserScript@4501b7af]" name="setup" is-config="true" duration-ms="6796" started-at="2017-10-11T19:01:22Z" finished-at="2017-10-11T19:01:29Z">
          <params>
            <param index="0">
              <value>
                <![CDATA[chrome]]>
              </value>
            </param>
          </params>
          <reporter-output>
          </reporter-output>
        </test-method> <!-- setup -->
        <test-method status="PASS" signature="testClickOnLinks()[pri:0, instance:com.testNGCode.CrossBrowserScript@4501b7af]" name="testClickOnLinks" duration-ms="65362" started-at="2017-10-11T19:01:29Z" finished-at="2017-10-11T19:02:34Z">
          <reporter-output>
          </reporter-output>
        </test-method> <!-- testClickOnLinks -->
        <test-method status="PASS" signature="testClickOnLinks()[pri:0, instance:com.testNGCode.CrossBrowserScript@4501b7af]" name="testClickOnLinks" duration-ms="5992" started-at="2017-10-11T19:02:34Z" finished-at="2017-10-11T19:02:40Z">
          <reporter-output>
          </reporter-output>
        </test-method> <!-- testClickOnLinks -->
        <test-method status="PASS" signature="testClickOnLinks()[pri:0, instance:com.testNGCode.CrossBrowserScript@4501b7af]" name="testClickOnLinks" duration-ms="4103" started-at="2017-10-11T19:02:40Z" finished-at="2017-10-11T19:02:44Z">
          <reporter-output>
          </reporter-output>
        </test-method> <!-- testClickOnLinks -->
        <test-method status="PASS" signature="testClickOnLinks()[pri:0, instance:com.testNGCode.CrossBrowserScript@4501b7af]" name="testClickOnLinks" duration-ms="4023" started-at="2017-10-11T19:02:44Z" finished-at="2017-10-11T19:02:48Z">
          <reporter-output>
          </reporter-output>
        </test-method> <!-- testClickOnLinks -->
        <test-method status="PASS" signature="closeBrowser()[pri:0, instance:com.testNGCode.CrossBrowserScript@4501b7af]" name="closeBrowser" is-config="true" duration-ms="1238" started-at="2017-10-11T19:02:49Z" finished-at="2017-10-11T19:02:50Z">
          <reporter-output>
          </reporter-output>
        </test-method> <!-- closeBrowser -->
      </class> <!-- com.testNGCode.CrossBrowserScript -->
    </test> <!-- ChromeTest -->
  </suite> <!-- TestSuite -->
</testng-results>
