<?xml version="1.0" encoding="UTF-8"?>
<!-- Generated by org.testng.reporters.JUnitXMLReporter -->
<testsuite hostname="Nitin-PC" ignored="0" name="ChromeTest" tests="4" failures="0" timestamp="11 Oct 2017 13:32:49 GMT" time="86.301" errors="0">
  <testcase name="testClickOnLinks" time="65.362" classname="com.testNGCode.CrossBrowserScript"/>
  <testcase name="testClickOnLinks" time="5.992" classname="com.testNGCode.CrossBrowserScript"/>
  <testcase name="testClickOnLinks" time="4.103" classname="com.testNGCode.CrossBrowserScript"/>
  <testcase name="testClickOnLinks" time="4.023" classname="com.testNGCode.CrossBrowserScript"/>
</testsuite> <!-- ChromeTest -->
