<?xml version="1.0" encoding="UTF-8"?>
<!-- Generated by org.testng.reporters.JUnitXMLReporter -->
<testsuite hostname="Nitin-PC" ignored="0" name="FirefoxTest" tests="4" failures="0" timestamp="11 Oct 2017 13:31:22 GMT" time="420.846" errors="0">
  <testcase name="testClickOnLinks" time="100.655" classname="com.testNGCode.CrossBrowserScript"/>
  <testcase name="testClickOnLinks" time="96.512" classname="com.testNGCode.CrossBrowserScript"/>
  <testcase name="testClickOnLinks" time="107.527" classname="com.testNGCode.CrossBrowserScript"/>
  <testcase name="testClickOnLinks" time="110.361" classname="com.testNGCode.CrossBrowserScript"/>
</testsuite> <!-- FirefoxTest -->
